<?xml version="1.0" encoding="UTF-8"?>
<testsuite xmlns:xsi="http://www.w3.org/2001/XMLSchema-instance" xsi:noNamespaceSchemaLocation="https://maven.apache.org/surefire/maven-surefire-plugin/xsd/surefire-test-report-3.0.xsd" version="3.0" name="steps.TestRunner" time="27.175" tests="1" errors="0" skipped="0" failures="0">
  <properties>
[...]
</properties>
  <testcase name="Verify Myrian Platform Information" classname="Intrasense Website Navigation" time="25.818">
    <system-out><![CDATA[
@smoke @ui
Scenario: Verify Myrian Platform Information                              &amp#27;[90m# src/test/resources/features/intrasense.feature:7&amp#27;[0m
13:55:16.316 [main] DEBUG io.github.bonigarcia.wdm.WebDriverManager -- Using WebDriverManager 5.6.3
13:55:16.691 [main] DEBUG io.github.bonigarcia.wdm.cache.ResolutionCache -- Resolution chrome=133 in cache (valid until 14:19:22 18/02/2025 CET)
13:55:16.692 [main] DEBUG io.github.bonigarcia.wdm.cache.ResolutionCache -- Resolution chrome133=133.0.6943.98 in cache (valid until 13:19:22 19/02/2025 CET)
13:55:16.693 [main] INFO io.github.bonigarcia.wdm.WebDriverManager -- Using chromedriver 133.0.6943.98 (resolved driver for Chrome 133)
13:55:16.719 [main] DEBUG io.github.bonigarcia.wdm.WebDriverManager -- Driver chromedriver 133.0.6943.98 found in cache
13:55:16.720 [main] INFO io.github.bonigarcia.wdm.WebDriverManager -- Exporting webdriver.chrome.driver as /Users/hakantetik/.cache/selenium/chromedriver/mac64/133.0.6943.98/chromedriver
  &amp#27;[32mGiven &amp#27;[0m&amp#27;[32mI am on the Intrasense homepage&amp#27;[0m                                   &amp#27;[90m# steps.IntrasenseSteps.iAmOnTheIntrasenseHomepage()&amp#27;[0m
  &amp#27;[32mWhen &amp#27;[0m&amp#27;[32mI click on &amp#27;[0m&amp#27;[32m&amp#27;[1m"Nos Solutions"&amp#27;[0m&amp#27;[32m link&amp#27;[0m                                    &amp#27;[90m# steps.IntrasenseSteps.iClickOnLink(java.lang.String)&amp#27;[0m
  &amp#27;[32mAnd &amp#27;[0m&amp#27;[32mI click on &amp#27;[0m&amp#27;[32m&amp#27;[1m"Découvrir Myrian"&amp#27;[0m&amp#27;[32m link&amp#27;[0m                                  &amp#27;[90m# steps.IntrasenseSteps.iClickOnLink(java.lang.String)&amp#27;[0m
  &amp#27;[32mThen &amp#27;[0m&amp#27;[32mI should see the &amp#27;[0m&amp#27;[32m&amp#27;[1m"Plateforme Myrian"&amp#27;[0m&amp#27;[32m heading&amp#27;[0m                       &amp#27;[90m# steps.IntrasenseSteps.iShouldSeeTheHeading(java.lang.String)&amp#27;[0m
  &amp#27;[32mAnd &amp#27;[0m&amp#27;[32mI should see the &amp#27;[0m&amp#27;[32m&amp#27;[1m"Les avantages Myrian"&amp#27;[0m&amp#27;[32m section when scrolling down&amp#27;[0m &amp#27;[90m# steps.IntrasenseSteps.iShouldSeeTheSectionWhenScrollingDown(java.lang.String)&amp#27;[0m
Screenshot alınamadı: Error communicating with the remote browser. It may have died.
Build info: version: '4.18.1', revision: 'b1d3319b48'
System info: os.name: 'Mac OS X', os.arch: 'x86_64', os.version: '15.3.1', java.version: '21.0.6'
Driver info: org.openqa.selenium.chrome.ChromeDriver
Command: [a1506fee1c0c5770fbcfe5f723db01d8, screenshot []]
Capabilities {acceptInsecureCerts: false, browserName: chrome, browserVersion: 133.0.6943.55, chrome: {chromedriverVersion: 133.0.6943.98 (da53563ceb66..., userDataDir: /var/folders/yv/xslfpg590dv...}, fedcm:accounts: true, goog:chromeOptions: {debuggerAddress: localhost:61736}, networkConnectionEnabled: false, pageLoadStrategy: normal, platformName: mac, proxy: Proxy(), se:cdp: ws://localhost:61736/devtoo..., se:cdpVersion: 133.0.6943.55, setWindowRect: true, strictFileInteractability: false, timeouts: {implicit: 0, pageLoad: 300000, script: 30000}, unhandledPromptBehavior: dismiss and notify, webauthn:extension:credBlob: true, webauthn:extension:largeBlob: true, webauthn:extension:minPinLength: true, webauthn:extension:prf: true, webauthn:virtualAuthenticators: true}
Session ID: a1506fee1c0c5770fbcfe5f723db01d8
FFmpeg komutu çalıştırılıyor: ffmpeg -y -framerate 5 -pattern_type glob -i target/screenshots/*.png -vf scale=1920:1080:force_original_aspect_ratio=decrease,pad=1920:1080:-1:-1:color=black -c:v libx264 -pix_fmt yuv420p -preset ultrafast target/allure-results/Verify_Myrian_Platform_Information.mp4
FFmpeg: ffmpeg version 7.1 Copyright (c) 2000-2024 the FFmpeg developers
FFmpeg:   built with Apple clang version 16.0.0 (clang-1600.0.26.4)
FFmpeg:   configuration: --prefix=/usr/local/Cellar/ffmpeg/7.1_4 --enable-shared --enable-pthreads --enable-version3 --cc=clang --host-cflags= --host-ldflags='-Wl,-ld_classic' --enable-ffplay --enable-gnutls --enable-gpl --enable-libaom --enable-libaribb24 --enable-libbluray --enable-libdav1d --enable-libharfbuzz --enable-libjxl --enable-libmp3lame --enable-libopus --enable-librav1e --enable-librist --enable-librubberband --enable-libsnappy --enable-libsrt --enable-libssh --enable-libsvtav1 --enable-libtesseract --enable-libtheora --enable-libvidstab --enable-libvmaf --enable-libvorbis --enable-libvpx --enable-libwebp --enable-libx264 --enable-libx265 --enable-libxml2 --enable-libxvid --enable-lzma --enable-libfontconfig --enable-libfreetype --enable-frei0r --enable-libass --enable-libopencore-amrnb --enable-libopencore-amrwb --enable-libopenjpeg --enable-libspeex --enable-libsoxr --enable-libzmq --enable-libzimg --disable-libjack --disable-indev=jack --enable-videotoolbox --enable-audiotoolbox
FFmpeg:   libavutil      59. 39.100 / 59. 39.100
FFmpeg:   libavcodec     61. 19.100 / 61. 19.100
FFmpeg:   libavformat    61.  7.100 / 61.  7.100
FFmpeg:   libavdevice    61.  3.100 / 61.  3.100
FFmpeg:   libavfilter    10.  4.100 / 10.  4.100
FFmpeg:   libswscale      8.  3.100 /  8.  3.100
FFmpeg:   libswresample   5.  3.100 /  5.  3.100
FFmpeg:   libpostproc    58.  3.100 / 58.  3.100
FFmpeg: Input #0, image2, from 'target/screenshots/*.png':
FFmpeg:   Duration: 00:00:05.60, start: 0.000000, bitrate: N/A
FFmpeg:   Stream #0:0: Video: png, rgb24(pc, gbr/unknown/unknown), 1920x845, 5 fps, 5 tbr, 5 tbn
FFmpeg: Stream mapping:
FFmpeg:   Stream #0:0 -> #0:0 (png (native) -> h264 (libx264))
FFmpeg: Press [q] to stop, [?] for help
FFmpeg: [libx264 @ 0x7f9fed907a80] using cpu capabilities: MMX2 SSE2Fast SSSE3 SSE4.2 AVX FMA3 BMI2 AVX2
FFmpeg: [libx264 @ 0x7f9fed907a80] profile Constrained Baseline, level 4.0, 4:2:0, 8-bit
FFmpeg: [libx264 @ 0x7f9fed907a80] 264 - core 164 r3108 31e19f9 - H.264/MPEG-4 AVC codec - Copyleft 2003-2023 - http://www.videolan.org/x264.html - options: cabac=0 ref=1 deblock=0:0:0 analyse=0:0 me=dia subme=0 psy=1 psy_rd=1.00:0.00 mixed_ref=0 me_range=16 chroma_me=1 trellis=0 8x8dct=0 cqm=0 deadzone=21,11 fast_pskip=1 chroma_qp_offset=0 threads=24 lookahead_threads=4 sliced_threads=0 nr=0 decimate=1 interlaced=0 bluray_compat=0 constrained_intra=0 bframes=0 weightp=0 keyint=250 keyint_min=5 scenecut=0 intra_refresh=0 rc=crf mbtree=0 crf=23.0 qcomp=0.60 qpmin=0 qpmax=69 qpstep=4 ip_ratio=1.40 aq=0
FFmpeg: Output #0, mp4, to 'target/allure-results/Verify_Myrian_Platform_Information.mp4':
FFmpeg:   Metadata:
FFmpeg:     encoder         : Lavf61.7.100
FFmpeg:   Stream #0:0: Video: h264 (avc1 / 0x31637661), yuv420p(tv, progressive), 1920x1080, q=2-31, 5 fps, 10240 tbn
FFmpeg:       Metadata:
FFmpeg:         encoder         : Lavc61.19.100 libx264
FFmpeg:       Side data:
FFmpeg:         ICC Profile
FFmpeg:         cpb: bitrate max/min/avg: 0/0/0 buffer size: 0 vbv_delay: N/A
FFmpeg: [out#0/mp4 @ 0x7f9fed905240] video:1698KiB audio:0KiB subtitle:0KiB other streams:0KiB global headers:0KiB muxing overhead: 0.085570%
FFmpeg: frame=   28 fps=0.0 q=-1.0 Lsize=    1700KiB time=00:00:05.60 bitrate=2486.3kbits/s speed=31.3x    
FFmpeg: [libx264 @ 0x7f9fed907a80] frame I:1     Avg QP:20.00  size:  6183
FFmpeg: [libx264 @ 0x7f9fed907a80] frame P:27    Avg QP:16.70  size: 64153
FFmpeg: [libx264 @ 0x7f9fed907a80] mb I  I16..4: 100.0%  0.0%  0.0%
FFmpeg: [libx264 @ 0x7f9fed907a80] mb P  I16..4: 45.9%  0.0%  0.0%  P16..4: 16.9%  0.0%  0.0%  0.0%  0.0%    skip:37.2%
FFmpeg: [libx264 @ 0x7f9fed907a80] coded y,uvDC,uvAC intra: 26.1% 22.8% 7.6% inter: 20.4% 14.9% 3.1%
FFmpeg: [libx264 @ 0x7f9fed907a80] i16 v,h,dc,p: 58% 25%  7% 10%
FFmpeg: [libx264 @ 0x7f9fed907a80] i8c dc,h,v,p: 67% 18% 12%  3%
FFmpeg: [libx264 @ 0x7f9fed907a80] kb/s:2483.32
Video başarıyla oluşturuldu: target/allure-results/Verify_Myrian_Platform_Information.mp4
13:55:40.476 [main] DEBUG io.github.bonigarcia.wdm.WebDriverManager -- Using WebDriverManager 5.6.3
13:55:40.481 [main] DEBUG io.github.bonigarcia.wdm.cache.ResolutionCache -- Resolution chrome=133 in cache (valid until 14:19:22 18/02/2025 CET)
13:55:40.482 [main] DEBUG io.github.bonigarcia.wdm.cache.ResolutionCache -- Resolution chrome133=133.0.6943.98 in cache (valid until 13:19:22 19/02/2025 CET)
13:55:40.482 [main] INFO io.github.bonigarcia.wdm.WebDriverManager -- Using chromedriver 133.0.6943.98 (resolved driver for Chrome 133)
13:55:40.487 [main] DEBUG io.github.bonigarcia.wdm.WebDriverManager -- Driver chromedriver 133.0.6943.98 found in cache
13:55:40.488 [main] INFO io.github.bonigarcia.wdm.WebDriverManager -- Exporting webdriver.chrome.driver as /Users/hakantetik/.cache/selenium/chromedriver/mac64/133.0.6943.98/chromedriver
]]></system-out>
    <system-err><![CDATA[Şub 18, 2025 1:55:18 ÖS org.openqa.selenium.devtools.CdpVersionFinder findNearestMatch
WARNING: Unable to find CDP implementation matching 133
Şub 18, 2025 1:55:18 ÖS org.openqa.selenium.chromium.ChromiumDriver lambda$new$5
WARNING: Unable to find version of CDP to use for 133.0.6943.55. You may need to include a dependency on a specific version of the CDP using something similar to `org.seleniumhq.selenium:selenium-devtools-v86:4.18.1` where the version ("v86") matches the version of the chromium-based browser you're using and the version number of the artifact is the same as Selenium's.
Şub 18, 2025 1:55:41 ÖS org.openqa.selenium.devtools.CdpVersionFinder findNearestMatch
WARNING: Unable to find CDP implementation matching 133
Şub 18, 2025 1:55:41 ÖS org.openqa.selenium.chromium.ChromiumDriver lambda$new$5
WARNING: Unable to find version of CDP to use for 133.0.6943.55. You may need to include a dependency on a specific version of the CDP using something similar to `org.seleniumhq.selenium:selenium-devtools-v86:4.18.1` where the version ("v86") matches the version of the chromium-based browser you're using and the version number of the artifact is the same as Selenium's.
]]></system-err>
  </testcase>
</testsuite>